13-Jun-2024 15:45:26.419 INFO [main] org.apache.catalina.startup.VersionLoggerListener.log Server version name:   Apache Tomcat/9.0.89
13-Jun-2024 15:45:26.426 INFO [main] org.apache.catalina.startup.VersionLoggerListener.log Server built:          May 3 2024 20:22:11 UTC
13-Jun-2024 15:45:26.426 INFO [main] org.apache.catalina.startup.VersionLoggerListener.log Server version number: 9.0.89.0
13-Jun-2024 15:45:26.426 INFO [main] org.apache.catalina.startup.VersionLoggerListener.log OS Name:               Windows 11
13-Jun-2024 15:45:26.426 INFO [main] org.apache.catalina.startup.VersionLoggerListener.log OS Version:            10.0
13-Jun-2024 15:45:26.426 INFO [main] org.apache.catalina.startup.VersionLoggerListener.log Architecture:          amd64
13-Jun-2024 15:45:26.426 INFO [main] org.apache.catalina.startup.VersionLoggerListener.log Java Home:             C:\Program Files\Java\jdk-11
13-Jun-2024 15:45:26.426 INFO [main] org.apache.catalina.startup.VersionLoggerListener.log JVM Version:           11.0.23+7-LTS-222
13-Jun-2024 15:45:26.426 INFO [main] org.apache.catalina.startup.VersionLoggerListener.log JVM Vendor:            Oracle Corporation
13-Jun-2024 15:45:26.426 INFO [main] org.apache.catalina.startup.VersionLoggerListener.log CATALINA_BASE:         D:\Spring_Boot_Project\springbootrestapi
13-Jun-2024 15:45:26.427 INFO [main] org.apache.catalina.startup.VersionLoggerListener.log CATALINA_HOME:         D:\apache-tomcat-9.0.89\apache-tomcat-9.0.89
13-Jun-2024 15:45:26.440 INFO [main] org.apache.catalina.startup.VersionLoggerListener.log Command line argument: --add-opens=java.base/java.lang=ALL-UNNAMED
13-Jun-2024 15:45:26.440 INFO [main] org.apache.catalina.startup.VersionLoggerListener.log Command line argument: --add-opens=java.base/java.io=ALL-UNNAMED
13-Jun-2024 15:45:26.440 INFO [main] org.apache.catalina.startup.VersionLoggerListener.log Command line argument: --add-opens=java.base/java.util=ALL-UNNAMED
13-Jun-2024 15:45:26.440 INFO [main] org.apache.catalina.startup.VersionLoggerListener.log Command line argument: --add-opens=java.base/java.util.concurrent=ALL-UNNAMED
13-Jun-2024 15:45:26.440 INFO [main] org.apache.catalina.startup.VersionLoggerListener.log Command line argument: --add-opens=java.rmi/sun.rmi.transport=ALL-UNNAMED
13-Jun-2024 15:45:26.440 INFO [main] org.apache.catalina.startup.VersionLoggerListener.log Command line argument: -Dcatalina.home=D:\apache-tomcat-9.0.89\apache-tomcat-9.0.89
13-Jun-2024 15:45:26.440 INFO [main] org.apache.catalina.startup.VersionLoggerListener.log Command line argument: -Dcatalina.base=D:\Spring_Boot_Project\springbootrestapi
13-Jun-2024 15:45:26.440 INFO [main] org.apache.catalina.startup.VersionLoggerListener.log Command line argument: -Djava.io.tmpdir=D:\Spring_Boot_Project\springbootrestapi\temp
13-Jun-2024 15:45:26.440 INFO [main] org.apache.catalina.startup.VersionLoggerListener.log Command line argument: -Djava.util.logging.config.file=D:\Spring_Boot_Project\springbootrestapi\conf\logging.properties
13-Jun-2024 15:45:26.440 INFO [main] org.apache.catalina.startup.VersionLoggerListener.log Command line argument: -Djava.util.logging.manager=org.apache.juli.ClassLoaderLogManager
13-Jun-2024 15:45:26.440 INFO [main] org.apache.catalina.startup.VersionLoggerListener.log Command line argument: -javaagent:C:\Program Files\JetBrains\IntelliJ IDEA Community Edition 2024.1.2\lib\idea_rt.jar=60297:C:\Program Files\JetBrains\IntelliJ IDEA Community Edition 2024.1.2\bin
13-Jun-2024 15:45:26.441 INFO [main] org.apache.catalina.startup.VersionLoggerListener.log Command line argument: -Dfile.encoding=UTF-8
13-Jun-2024 15:45:26.447 INFO [main] org.apache.catalina.core.AprLifecycleListener.lifecycleEvent Loaded Apache Tomcat Native library [1.3.0] using APR version [1.7.4].
13-Jun-2024 15:45:26.447 INFO [main] org.apache.catalina.core.AprLifecycleListener.lifecycleEvent APR capabilities: IPv6 [true], sendfile [true], accept filters [false], random [true], UDS [true].
13-Jun-2024 15:45:26.447 INFO [main] org.apache.catalina.core.AprLifecycleListener.lifecycleEvent APR/OpenSSL configuration: useAprConnector [false], useOpenSSL [true]
13-Jun-2024 15:45:26.463 INFO [main] org.apache.catalina.core.AprLifecycleListener.initializeSSL OpenSSL successfully initialized [OpenSSL 3.0.13 30 Jan 2024]
13-Jun-2024 15:45:26.714 INFO [main] org.apache.coyote.AbstractProtocol.init Initializing ProtocolHandler ["http-nio-8080"]
13-Jun-2024 15:45:26.735 INFO [main] org.apache.catalina.startup.Catalina.load Server initialization in [505] milliseconds
13-Jun-2024 15:45:26.779 INFO [main] org.apache.catalina.core.StandardService.startInternal Starting service [Catalina]
13-Jun-2024 15:45:26.779 INFO [main] org.apache.catalina.core.StandardEngine.startInternal Starting Servlet engine: [Apache Tomcat/9.0.89]
13-Jun-2024 15:45:26.786 INFO [main] org.apache.catalina.startup.HostConfig.deployDescriptor Deploying deployment descriptor [D:\Spring_Boot_Project\springbootrestapi\conf\Catalina\localhost\ROOT.xml]
13-Jun-2024 15:45:26.801 WARNING [main] org.apache.catalina.startup.HostConfig.deployDescriptor A docBase [D:\Spring_Boot_Project\springbootrestapi\webapps] inside the host appBase has been specified, and will be ignored
13-Jun-2024 15:45:26.851 SEVERE [main] org.apache.catalina.startup.HostConfig.deployDescriptor Error deploying deployment descriptor [D:\Spring_Boot_Project\springbootrestapi\conf\Catalina\localhost\ROOT.xml]
	java.lang.IllegalStateException: Error starting child
		at org.apache.catalina.core.ContainerBase.addChildInternal(ContainerBase.java:602)
		at org.apache.catalina.core.ContainerBase.addChild(ContainerBase.java:571)
		at org.apache.catalina.core.StandardHost.addChild(StandardHost.java:603)
		at org.apache.catalina.startup.HostConfig.deployDescriptor(HostConfig.java:680)
		at org.apache.catalina.startup.HostConfig$DeployDescriptor.run(HostConfig.java:1844)
		at java.base/java.util.concurrent.Executors$RunnableAdapter.call(Executors.java:515)
		at java.base/java.util.concurrent.FutureTask.run(FutureTask.java:264)
		at org.apache.tomcat.util.threads.InlineExecutorService.execute(InlineExecutorService.java:75)
		at java.base/java.util.concurrent.AbstractExecutorService.submit(AbstractExecutorService.java:118)
		at org.apache.catalina.startup.HostConfig.deployDescriptors(HostConfig.java:575)
		at org.apache.catalina.startup.HostConfig.deployApps(HostConfig.java:466)
		at org.apache.catalina.startup.HostConfig.start(HostConfig.java:1584)
		at org.apache.catalina.startup.HostConfig.lifecycleEvent(HostConfig.java:312)
		at org.apache.catalina.util.LifecycleBase.fireLifecycleEvent(LifecycleBase.java:114)
		at org.apache.catalina.util.LifecycleBase.setStateInternal(LifecycleBase.java:402)
		at org.apache.catalina.util.LifecycleBase.setState(LifecycleBase.java:345)
		at org.apache.catalina.core.ContainerBase.startInternal(ContainerBase.java:776)
		at org.apache.catalina.core.StandardHost.startInternal(StandardHost.java:721)
		at org.apache.catalina.util.LifecycleBase.start(LifecycleBase.java:171)
		at org.apache.catalina.core.ContainerBase$StartChild.call(ContainerBase.java:1203)
		at org.apache.catalina.core.ContainerBase$StartChild.call(ContainerBase.java:1193)
		at java.base/java.util.concurrent.FutureTask.run(FutureTask.java:264)
		at org.apache.tomcat.util.threads.InlineExecutorService.execute(InlineExecutorService.java:75)
		at java.base/java.util.concurrent.AbstractExecutorService.submit(AbstractExecutorService.java:140)
		at org.apache.catalina.core.ContainerBase.startInternal(ContainerBase.java:749)
		at org.apache.catalina.core.StandardEngine.startInternal(StandardEngine.java:211)
		at org.apache.catalina.util.LifecycleBase.start(LifecycleBase.java:171)
		at org.apache.catalina.core.StandardService.startInternal(StandardService.java:415)
		at org.apache.catalina.util.LifecycleBase.start(LifecycleBase.java:171)
		at org.apache.catalina.core.StandardServer.startInternal(StandardServer.java:878)
		at org.apache.catalina.util.LifecycleBase.start(LifecycleBase.java:171)
		at org.apache.catalina.startup.Catalina.start(Catalina.java:735)
		at java.base/jdk.internal.reflect.NativeMethodAccessorImpl.invoke0(Native Method)
		at java.base/jdk.internal.reflect.NativeMethodAccessorImpl.invoke(NativeMethodAccessorImpl.java:62)
		at java.base/jdk.internal.reflect.DelegatingMethodAccessorImpl.invoke(DelegatingMethodAccessorImpl.java:43)
		at java.base/java.lang.reflect.Method.invoke(Method.java:566)
		at org.apache.catalina.startup.Bootstrap.start(Bootstrap.java:345)
		at org.apache.catalina.startup.Bootstrap.main(Bootstrap.java:473)
	Caused by: org.apache.catalina.LifecycleException: Failed to start component [org.apache.catalina.webresources.StandardRoot@79179359]
		at org.apache.catalina.util.LifecycleBase.handleSubClassException(LifecycleBase.java:419)
		at org.apache.catalina.util.LifecycleBase.start(LifecycleBase.java:186)
		at org.apache.catalina.core.StandardContext.resourcesStart(StandardContext.java:4120)
		at org.apache.catalina.core.StandardContext.startInternal(StandardContext.java:4242)
		at org.apache.catalina.util.LifecycleBase.start(LifecycleBase.java:171)
		at org.apache.catalina.core.ContainerBase.addChildInternal(ContainerBase.java:599)
		... 37 more
	Caused by: java.lang.IllegalArgumentException: The main resource set specified [D:\Spring_Boot_Project\springbootrestapi\webapps\ROOT] is not a directory or war file, or is not readable (it does not exist or permissions to access it are missing)
		at org.apache.catalina.webresources.StandardRoot.createMainResourceSet(StandardRoot.java:749)
		at org.apache.catalina.webresources.StandardRoot.startInternal(StandardRoot.java:707)
		at org.apache.catalina.util.LifecycleBase.start(LifecycleBase.java:171)
		... 41 more
13-Jun-2024 15:45:26.857 INFO [main] org.apache.catalina.startup.HostConfig.deployDescriptor Deployment of deployment descriptor [D:\Spring_Boot_Project\springbootrestapi\conf\Catalina\localhost\ROOT.xml] has finished in [71] ms
13-Jun-2024 15:45:26.860 INFO [main] org.apache.coyote.AbstractProtocol.start Starting ProtocolHandler ["http-nio-8080"]
13-Jun-2024 15:45:26.979 INFO [main] org.apache.catalina.startup.Catalina.start Server startup in [244] milliseconds
13-Jun-2024 15:45:44.281 INFO [Thread-1] org.apache.coyote.AbstractProtocol.pause Pausing ProtocolHandler ["http-nio-8080"]
13-Jun-2024 15:45:44.345 INFO [Thread-1] org.apache.catalina.core.StandardService.stopInternal Stopping service [Catalina]
13-Jun-2024 15:45:44.348 INFO [Thread-1] org.apache.coyote.AbstractProtocol.stop Stopping ProtocolHandler ["http-nio-8080"]
13-Jun-2024 15:45:44.353 INFO [Thread-1] org.apache.coyote.AbstractProtocol.destroy Destroying ProtocolHandler ["http-nio-8080"]
13-Jun-2024 15:45:44.354 SEVERE [Thread-1] org.apache.catalina.core.StandardContext.resourcesStop Error stopping static Resources
	org.apache.catalina.LifecycleException: An invalid Lifecycle transition was attempted ([before_stop]) for component [org.apache.catalina.webresources.DirResourceSet@753846e5] in state [INITIALIZED]
		at org.apache.catalina.util.LifecycleBase.invalidTransition(LifecycleBase.java:409)
		at org.apache.catalina.util.LifecycleBase.stop(LifecycleBase.java:229)
		at org.apache.catalina.webresources.StandardRoot.stopInternal(StandardRoot.java:760)
		at org.apache.catalina.util.LifecycleBase.stop(LifecycleBase.java:242)
		at org.apache.catalina.core.StandardContext.resourcesStop(StandardContext.java:4144)
		at org.apache.catalina.core.StandardContext.stopInternal(StandardContext.java:4718)
		at org.apache.catalina.util.LifecycleBase.stop(LifecycleBase.java:242)
		at org.apache.catalina.util.LifecycleBase.destroy(LifecycleBase.java:278)
		at org.apache.catalina.core.ContainerBase.removeChild(ContainerBase.java:671)
		at org.apache.catalina.core.ContainerBase.destroyInternal(ContainerBase.java:866)
		at org.apache.catalina.util.LifecycleBase.destroy(LifecycleBase.java:306)
		at org.apache.catalina.core.ContainerBase.removeChild(ContainerBase.java:671)
		at org.apache.catalina.core.ContainerBase.destroyInternal(ContainerBase.java:866)
		at org.apache.catalina.util.LifecycleBase.destroy(LifecycleBase.java:306)
		at org.apache.catalina.core.StandardService.destroyInternal(StandardService.java:545)
		at org.apache.catalina.util.LifecycleBase.destroy(LifecycleBase.java:306)
		at org.apache.catalina.core.StandardServer.destroyInternal(StandardServer.java:998)
		at org.apache.catalina.util.LifecycleBase.destroy(LifecycleBase.java:306)
		at org.apache.catalina.startup.Catalina.stop(Catalina.java:811)
		at org.apache.catalina.startup.Catalina$CatalinaShutdownHook.run(Catalina.java:955)
13-Jun-2024 15:45:44.355 SEVERE [Thread-1] org.apache.catalina.util.LifecycleBase.destroy Called stop() on failed component [org.apache.catalina.webresources.StandardRoot@79179359] to trigger clean-up but it failed too
	org.apache.catalina.LifecycleException: An invalid Lifecycle transition was attempted ([before_stop]) for component [org.apache.catalina.webresources.DirResourceSet@753846e5] in state [INITIALIZED]
		at org.apache.catalina.util.LifecycleBase.invalidTransition(LifecycleBase.java:409)
		at org.apache.catalina.util.LifecycleBase.stop(LifecycleBase.java:229)
		at org.apache.catalina.webresources.StandardRoot.stopInternal(StandardRoot.java:760)
		at org.apache.catalina.util.LifecycleBase.stop(LifecycleBase.java:242)
		at org.apache.catalina.util.LifecycleBase.destroy(LifecycleBase.java:278)
		at org.apache.catalina.core.StandardContext.destroyInternal(StandardContext.java:4786)
		at org.apache.catalina.util.LifecycleBase.destroy(LifecycleBase.java:306)
		at org.apache.catalina.core.ContainerBase.removeChild(ContainerBase.java:671)
		at org.apache.catalina.core.ContainerBase.destroyInternal(ContainerBase.java:866)
		at org.apache.catalina.util.LifecycleBase.destroy(LifecycleBase.java:306)
		at org.apache.catalina.core.ContainerBase.removeChild(ContainerBase.java:671)
		at org.apache.catalina.core.ContainerBase.destroyInternal(ContainerBase.java:866)
		at org.apache.catalina.util.LifecycleBase.destroy(LifecycleBase.java:306)
		at org.apache.catalina.core.StandardService.destroyInternal(StandardService.java:545)
		at org.apache.catalina.util.LifecycleBase.destroy(LifecycleBase.java:306)
		at org.apache.catalina.core.StandardServer.destroyInternal(StandardServer.java:998)
		at org.apache.catalina.util.LifecycleBase.destroy(LifecycleBase.java:306)
		at org.apache.catalina.startup.Catalina.stop(Catalina.java:811)
		at org.apache.catalina.startup.Catalina$CatalinaShutdownHook.run(Catalina.java:955)
